
Step 1 - Ensure Hadoop is started


START-DFS.SH

20/03/03 09:27:04 WARN util.NativeCodeLoader: Unable to load native-hadoop library for your platform... using builtin-java classes where applicable
Starting namenodes on [localhost]
localhost: namenode running as process 4673. Stop it first.
localhost: datanode running as process 4887. Stop it first.
Starting secondary namenodes [0.0.0.0]
0.0.0.0: secondarynamenode running as process 5121. Stop it first.
20/03/03 09:27:06 WARN util.NativeCodeLoader: Unable to load native-hadoop library for your platform... using builtin-java classes where applicable

START-YARN.SH

starting yarn daemons
resourcemanager running as process 5283. Stop it first.
localhost: nodemanager running as process 5563. Stop it first.

Step 2 - Start flume agents

./start-flume.sh: line 2: /opt/flume/bin/flume-ng: No such file or directory
./start-flume.sh: line 3: /opt/flume/bin/flume-ng: No such file or directory

Step 3 - Pull Data from NBA, ESPN, and FoxSports


Step 4 - Move Data to Flume location to have it transferred to HDFS


step 5 - Process new data and add it to the database

20/03/03 09:27:44 WARN util.Utils: Your hostname, cleanos resolves to a loopback address: 127.0.1.1; using 10.0.2.15 instead (on interface enp0s3)
20/03/03 09:27:44 WARN util.Utils: Set SPARK_LOCAL_IP if you need to bind to another address
20/03/03 09:27:44 WARN util.NativeCodeLoader: Unable to load native-hadoop library for your platform... using builtin-java classes where applicable
20/03/03 09:27:49 INFO DataNucleus.Persistence: Property hive.metastore.integral.jdo.pushdown unknown - will be ignored
20/03/03 09:27:49 INFO DataNucleus.Persistence: Property datanucleus.cache.level2 unknown - will be ignored
20/03/03 09:27:49 WARN metastore.HiveMetaStore: Retrying creating default database after error: Error creating transactional connection factory
javax.jdo.JDOFatalInternalException: Error creating transactional connection factory
	at org.datanucleus.api.jdo.NucleusJDOHelper.getJDOExceptionForNucleusException(NucleusJDOHelper.java:587)
	at org.datanucleus.api.jdo.JDOPersistenceManagerFactory.freezeConfiguration(JDOPersistenceManagerFactory.java:788)
	at org.datanucleus.api.jdo.JDOPersistenceManagerFactory.createPersistenceManagerFactory(JDOPersistenceManagerFactory.java:333)
	at org.datanucleus.api.jdo.JDOPersistenceManagerFactory.getPersistenceManagerFactory(JDOPersistenceManagerFactory.java:202)
	at sun.reflect.NativeMethodAccessorImpl.invoke0(Native Method)
	at sun.reflect.NativeMethodAccessorImpl.invoke(NativeMethodAccessorImpl.java:62)
	at sun.reflect.DelegatingMethodAccessorImpl.invoke(DelegatingMethodAccessorImpl.java:43)
	at java.lang.reflect.Method.invoke(Method.java:498)
	at javax.jdo.JDOHelper$16.run(JDOHelper.java:1965)
	at java.security.AccessController.doPrivileged(Native Method)
	at javax.jdo.JDOHelper.invoke(JDOHelper.java:1960)
	at javax.jdo.JDOHelper.invokeGetPersistenceManagerFactoryOnImplementation(JDOHelper.java:1166)
	at javax.jdo.JDOHelper.getPersistenceManagerFactory(JDOHelper.java:808)
	at javax.jdo.JDOHelper.getPersistenceManagerFactory(JDOHelper.java:701)
	at org.apache.hadoop.hive.metastore.ObjectStore.getPMF(ObjectStore.java:365)
	at org.apache.hadoop.hive.metastore.ObjectStore.getPersistenceManager(ObjectStore.java:394)
	at org.apache.hadoop.hive.metastore.ObjectStore.initialize(ObjectStore.java:291)
	at org.apache.hadoop.hive.metastore.ObjectStore.setConf(ObjectStore.java:258)
	at org.apache.hadoop.util.ReflectionUtils.setConf(ReflectionUtils.java:76)
	at org.apache.hadoop.util.ReflectionUtils.newInstance(ReflectionUtils.java:136)
	at org.apache.hadoop.hive.metastore.RawStoreProxy.<init>(RawStoreProxy.java:57)
	at org.apache.hadoop.hive.metastore.RawStoreProxy.getProxy(RawStoreProxy.java:66)
	at org.apache.hadoop.hive.metastore.HiveMetaStore$HMSHandler.newRawStore(HiveMetaStore.java:593)
	at org.apache.hadoop.hive.metastore.HiveMetaStore$HMSHandler.getMS(HiveMetaStore.java:571)
	at org.apache.hadoop.hive.metastore.HiveMetaStore$HMSHandler.createDefaultDB(HiveMetaStore.java:620)
	at org.apache.hadoop.hive.metastore.HiveMetaStore$HMSHandler.init(HiveMetaStore.java:461)
	at org.apache.hadoop.hive.metastore.RetryingHMSHandler.<init>(RetryingHMSHandler.java:66)
	at org.apache.hadoop.hive.metastore.RetryingHMSHandler.getProxy(RetryingHMSHandler.java:72)
	at org.apache.hadoop.hive.metastore.HiveMetaStore.newRetryingHMSHandler(HiveMetaStore.java:5762)
	at org.apache.hadoop.hive.metastore.HiveMetaStoreClient.<init>(HiveMetaStoreClient.java:199)
	at org.apache.hadoop.hive.ql.metadata.SessionHiveMetaStoreClient.<init>(SessionHiveMetaStoreClient.java:74)
	at sun.reflect.NativeConstructorAccessorImpl.newInstance0(Native Method)
	at sun.reflect.NativeConstructorAccessorImpl.newInstance(NativeConstructorAccessorImpl.java:62)
	at sun.reflect.DelegatingConstructorAccessorImpl.newInstance(DelegatingConstructorAccessorImpl.java:45)
	at java.lang.reflect.Constructor.newInstance(Constructor.java:423)
	at org.apache.hadoop.hive.metastore.MetaStoreUtils.newInstance(MetaStoreUtils.java:1521)
	at org.apache.hadoop.hive.metastore.RetryingMetaStoreClient.<init>(RetryingMetaStoreClient.java:86)
	at org.apache.hadoop.hive.metastore.RetryingMetaStoreClient.getProxy(RetryingMetaStoreClient.java:132)
	at org.apache.hadoop.hive.metastore.RetryingMetaStoreClient.getProxy(RetryingMetaStoreClient.java:104)
	at org.apache.hadoop.hive.ql.metadata.Hive.createMetaStoreClient(Hive.java:3005)
	at org.apache.hadoop.hive.ql.metadata.Hive.getMSC(Hive.java:3024)
	at org.apache.hadoop.hive.ql.metadata.Hive.getAllDatabases(Hive.java:1234)
	at org.apache.hadoop.hive.ql.metadata.Hive.reloadFunctions(Hive.java:174)
	at org.apache.hadoop.hive.ql.metadata.Hive.<clinit>(Hive.java:166)
	at org.apache.hadoop.hive.ql.session.SessionState.start(SessionState.java:503)
	at org.apache.spark.sql.hive.client.HiveClientImpl.newState(HiveClientImpl.scala:185)
	at org.apache.spark.sql.hive.client.HiveClientImpl.<init>(HiveClientImpl.scala:118)
	at sun.reflect.NativeConstructorAccessorImpl.newInstance0(Native Method)
	at sun.reflect.NativeConstructorAccessorImpl.newInstance(NativeConstructorAccessorImpl.java:62)
	at sun.reflect.DelegatingConstructorAccessorImpl.newInstance(DelegatingConstructorAccessorImpl.java:45)
	at java.lang.reflect.Constructor.newInstance(Constructor.java:423)
	at org.apache.spark.sql.hive.client.IsolatedClientLoader.createClient(IsolatedClientLoader.scala:271)
	at org.apache.spark.sql.hive.HiveUtils$.newClientForMetadata(HiveUtils.scala:384)
	at org.apache.spark.sql.hive.HiveUtils$.newClientForMetadata(HiveUtils.scala:286)
	at org.apache.spark.sql.hive.HiveExternalCatalog.client$lzycompute(HiveExternalCatalog.scala:66)
	at org.apache.spark.sql.hive.HiveExternalCatalog.client(HiveExternalCatalog.scala:65)
	at org.apache.spark.sql.hive.HiveExternalCatalog$$anonfun$databaseExists$1.apply$mcZ$sp(HiveExternalCatalog.scala:215)
	at org.apache.spark.sql.hive.HiveExternalCatalog$$anonfun$databaseExists$1.apply(HiveExternalCatalog.scala:215)
	at org.apache.spark.sql.hive.HiveExternalCatalog$$anonfun$databaseExists$1.apply(HiveExternalCatalog.scala:215)
	at org.apache.spark.sql.hive.HiveExternalCatalog.withClient(HiveExternalCatalog.scala:97)
	at org.apache.spark.sql.hive.HiveExternalCatalog.databaseExists(HiveExternalCatalog.scala:214)
	at org.apache.spark.sql.internal.SharedState.externalCatalog$lzycompute(SharedState.scala:114)
	at org.apache.spark.sql.internal.SharedState.externalCatalog(SharedState.scala:102)
	at org.apache.spark.sql.internal.SharedState.globalTempViewManager$lzycompute(SharedState.scala:141)
	at org.apache.spark.sql.internal.SharedState.globalTempViewManager(SharedState.scala:136)
	at org.apache.spark.sql.hive.HiveSessionStateBuilder$$anonfun$2.apply(HiveSessionStateBuilder.scala:55)
	at org.apache.spark.sql.hive.HiveSessionStateBuilder$$anonfun$2.apply(HiveSessionStateBuilder.scala:55)
	at org.apache.spark.sql.catalyst.catalog.SessionCatalog.globalTempViewManager$lzycompute(SessionCatalog.scala:91)
	at org.apache.spark.sql.catalyst.catalog.SessionCatalog.globalTempViewManager(SessionCatalog.scala:91)
	at org.apache.spark.sql.catalyst.catalog.SessionCatalog.setCurrentDatabase(SessionCatalog.scala:258)
	at org.apache.spark.sql.execution.command.SetDatabaseCommand.run(databases.scala:59)
	at org.apache.spark.sql.execution.command.ExecutedCommandExec.sideEffectResult$lzycompute(commands.scala:70)
	at org.apache.spark.sql.execution.command.ExecutedCommandExec.sideEffectResult(commands.scala:68)
	at org.apache.spark.sql.execution.command.ExecutedCommandExec.executeCollect(commands.scala:79)
	at org.apache.spark.sql.Dataset$$anonfun$6.apply(Dataset.scala:194)
	at org.apache.spark.sql.Dataset$$anonfun$6.apply(Dataset.scala:194)
	at org.apache.spark.sql.Dataset$$anonfun$52.apply(Dataset.scala:3370)
	at org.apache.spark.sql.execution.SQLExecution$$anonfun$withNewExecutionId$1.apply(SQLExecution.scala:80)
	at org.apache.spark.sql.execution.SQLExecution$.withSQLConfPropagated(SQLExecution.scala:127)
	at org.apache.spark.sql.execution.SQLExecution$.withNewExecutionId(SQLExecution.scala:75)
	at org.apache.spark.sql.Dataset.withAction(Dataset.scala:3369)
	at org.apache.spark.sql.Dataset.<init>(Dataset.scala:194)
	at org.apache.spark.sql.Dataset$.ofRows(Dataset.scala:79)
	at org.apache.spark.sql.SparkSession.sql(SparkSession.scala:642)
	at net.alkire.task36.ProcessData$.main(ProcessData.scala:116)
	at net.alkire.task36.ProcessData.main(ProcessData.scala)
	at sun.reflect.NativeMethodAccessorImpl.invoke0(Native Method)
	at sun.reflect.NativeMethodAccessorImpl.invoke(NativeMethodAccessorImpl.java:62)
	at sun.reflect.DelegatingMethodAccessorImpl.invoke(DelegatingMethodAccessorImpl.java:43)
	at java.lang.reflect.Method.invoke(Method.java:498)
	at org.apache.spark.deploy.JavaMainApplication.start(SparkApplication.scala:52)
	at org.apache.spark.deploy.SparkSubmit.org$apache$spark$deploy$SparkSubmit$$runMain(SparkSubmit.scala:845)
	at org.apache.spark.deploy.SparkSubmit.doRunMain$1(SparkSubmit.scala:161)
	at org.apache.spark.deploy.SparkSubmit.submit(SparkSubmit.scala:184)
	at org.apache.spark.deploy.SparkSubmit.doSubmit(SparkSubmit.scala:86)
	at org.apache.spark.deploy.SparkSubmit$$anon$2.doSubmit(SparkSubmit.scala:920)
	at org.apache.spark.deploy.SparkSubmit$.main(SparkSubmit.scala:929)
	at org.apache.spark.deploy.SparkSubmit.main(SparkSubmit.scala)
NestedThrowablesStackTrace:
java.lang.reflect.InvocationTargetException
	at sun.reflect.NativeConstructorAccessorImpl.newInstance0(Native Method)
	at sun.reflect.NativeConstructorAccessorImpl.newInstance(NativeConstructorAccessorImpl.java:62)
	at sun.reflect.DelegatingConstructorAccessorImpl.newInstance(DelegatingConstructorAccessorImpl.java:45)
	at java.lang.reflect.Constructor.newInstance(Constructor.java:423)
	at org.datanucleus.plugin.NonManagedPluginRegistry.createExecutableExtension(NonManagedPluginRegistry.java:631)
	at org.datanucleus.plugin.PluginManager.createExecutableExtension(PluginManager.java:325)
	at org.datanucleus.store.AbstractStoreManager.registerConnectionFactory(AbstractStoreManager.java:282)
	at org.datanucleus.store.AbstractStoreManager.<init>(AbstractStoreManager.java:240)
	at org.datanucleus.store.rdbms.RDBMSStoreManager.<init>(RDBMSStoreManager.java:286)
	at sun.reflect.NativeConstructorAccessorImpl.newInstance0(Native Method)
	at sun.reflect.NativeConstructorAccessorImpl.newInstance(NativeConstructorAccessorImpl.java:62)
	at sun.reflect.DelegatingConstructorAccessorImpl.newInstance(DelegatingConstructorAccessorImpl.java:45)
	at java.lang.reflect.Constructor.newInstance(Constructor.java:423)
	at org.datanucleus.plugin.NonManagedPluginRegistry.createExecutableExtension(NonManagedPluginRegistry.java:631)
	at org.datanucleus.plugin.PluginManager.createExecutableExtension(PluginManager.java:301)
	at org.datanucleus.NucleusContext.createStoreManagerForProperties(NucleusContext.java:1187)
	at org.datanucleus.NucleusContext.initialise(NucleusContext.java:356)
	at org.datanucleus.api.jdo.JDOPersistenceManagerFactory.freezeConfiguration(JDOPersistenceManagerFactory.java:775)
	at org.datanucleus.api.jdo.JDOPersistenceManagerFactory.createPersistenceManagerFactory(JDOPersistenceManagerFactory.java:333)
	at org.datanucleus.api.jdo.JDOPersistenceManagerFactory.getPersistenceManagerFactory(JDOPersistenceManagerFactory.java:202)
	at sun.reflect.NativeMethodAccessorImpl.invoke0(Native Method)
	at sun.reflect.NativeMethodAccessorImpl.invoke(NativeMethodAccessorImpl.java:62)
	at sun.reflect.DelegatingMethodAccessorImpl.invoke(DelegatingMethodAccessorImpl.java:43)
	at java.lang.reflect.Method.invoke(Method.java:498)
	at javax.jdo.JDOHelper$16.run(JDOHelper.java:1965)
	at java.security.AccessController.doPrivileged(Native Method)
	at javax.jdo.JDOHelper.invoke(JDOHelper.java:1960)
	at javax.jdo.JDOHelper.invokeGetPersistenceManagerFactoryOnImplementation(JDOHelper.java:1166)
	at javax.jdo.JDOHelper.getPersistenceManagerFactory(JDOHelper.java:808)
	at javax.jdo.JDOHelper.getPersistenceManagerFactory(JDOHelper.java:701)
	at org.apache.hadoop.hive.metastore.ObjectStore.getPMF(ObjectStore.java:365)
	at org.apache.hadoop.hive.metastore.ObjectStore.getPersistenceManager(ObjectStore.java:394)
	at org.apache.hadoop.hive.metastore.ObjectStore.initialize(ObjectStore.java:291)
	at org.apache.hadoop.hive.metastore.ObjectStore.setConf(ObjectStore.java:258)
	at org.apache.hadoop.util.ReflectionUtils.setConf(ReflectionUtils.java:76)
	at org.apache.hadoop.util.ReflectionUtils.newInstance(ReflectionUtils.java:136)
	at org.apache.hadoop.hive.metastore.RawStoreProxy.<init>(RawStoreProxy.java:57)
	at org.apache.hadoop.hive.metastore.RawStoreProxy.getProxy(RawStoreProxy.java:66)
	at org.apache.hadoop.hive.metastore.HiveMetaStore$HMSHandler.newRawStore(HiveMetaStore.java:593)
	at org.apache.hadoop.hive.metastore.HiveMetaStore$HMSHandler.getMS(HiveMetaStore.java:571)
	at org.apache.hadoop.hive.metastore.HiveMetaStore$HMSHandler.createDefaultDB(HiveMetaStore.java:620)
	at org.apache.hadoop.hive.metastore.HiveMetaStore$HMSHandler.init(HiveMetaStore.java:461)
	at org.apache.hadoop.hive.metastore.RetryingHMSHandler.<init>(RetryingHMSHandler.java:66)
	at org.apache.hadoop.hive.metastore.RetryingHMSHandler.getProxy(RetryingHMSHandler.java:72)
	at org.apache.hadoop.hive.metastore.HiveMetaStore.newRetryingHMSHandler(HiveMetaStore.java:5762)
	at org.apache.hadoop.hive.metastore.HiveMetaStoreClient.<init>(HiveMetaStoreClient.java:199)
	at org.apache.hadoop.hive.ql.metadata.SessionHiveMetaStoreClient.<init>(SessionHiveMetaStoreClient.java:74)
	at sun.reflect.NativeConstructorAccessorImpl.newInstance0(Native Method)
	at sun.reflect.NativeConstructorAccessorImpl.newInstance(NativeConstructorAccessorImpl.java:62)
	at sun.reflect.DelegatingConstructorAccessorImpl.newInstance(DelegatingConstructorAccessorImpl.java:45)
	at java.lang.reflect.Constructor.newInstance(Constructor.java:423)
	at org.apache.hadoop.hive.metastore.MetaStoreUtils.newInstance(MetaStoreUtils.java:1521)
	at org.apache.hadoop.hive.metastore.RetryingMetaStoreClient.<init>(RetryingMetaStoreClient.java:86)
	at org.apache.hadoop.hive.metastore.RetryingMetaStoreClient.getProxy(RetryingMetaStoreClient.java:132)
	at org.apache.hadoop.hive.metastore.RetryingMetaStoreClient.getProxy(RetryingMetaStoreClient.java:104)
	at org.apache.hadoop.hive.ql.metadata.Hive.createMetaStoreClient(Hive.java:3005)
	at org.apache.hadoop.hive.ql.metadata.Hive.getMSC(Hive.java:3024)
	at org.apache.hadoop.hive.ql.metadata.Hive.getAllDatabases(Hive.java:1234)
	at org.apache.hadoop.hive.ql.metadata.Hive.reloadFunctions(Hive.java:174)
	at org.apache.hadoop.hive.ql.metadata.Hive.<clinit>(Hive.java:166)
	at org.apache.hadoop.hive.ql.session.SessionState.start(SessionState.java:503)
	at org.apache.spark.sql.hive.client.HiveClientImpl.newState(HiveClientImpl.scala:185)
	at org.apache.spark.sql.hive.client.HiveClientImpl.<init>(HiveClientImpl.scala:118)
	at sun.reflect.NativeConstructorAccessorImpl.newInstance0(Native Method)
	at sun.reflect.NativeConstructorAccessorImpl.newInstance(NativeConstructorAccessorImpl.java:62)
	at sun.reflect.DelegatingConstructorAccessorImpl.newInstance(DelegatingConstructorAccessorImpl.java:45)
	at java.lang.reflect.Constructor.newInstance(Constructor.java:423)
	at org.apache.spark.sql.hive.client.IsolatedClientLoader.createClient(IsolatedClientLoader.scala:271)
	at org.apache.spark.sql.hive.HiveUtils$.newClientForMetadata(HiveUtils.scala:384)
	at org.apache.spark.sql.hive.HiveUtils$.newClientForMetadata(HiveUtils.scala:286)
	at org.apache.spark.sql.hive.HiveExternalCatalog.client$lzycompute(HiveExternalCatalog.scala:66)
	at org.apache.spark.sql.hive.HiveExternalCatalog.client(HiveExternalCatalog.scala:65)
	at org.apache.spark.sql.hive.HiveExternalCatalog$$anonfun$databaseExists$1.apply$mcZ$sp(HiveExternalCatalog.scala:215)
	at org.apache.spark.sql.hive.HiveExternalCatalog$$anonfun$databaseExists$1.apply(HiveExternalCatalog.scala:215)
	at org.apache.spark.sql.hive.HiveExternalCatalog$$anonfun$databaseExists$1.apply(HiveExternalCatalog.scala:215)
	at org.apache.spark.sql.hive.HiveExternalCatalog.withClient(HiveExternalCatalog.scala:97)
	at org.apache.spark.sql.hive.HiveExternalCatalog.databaseExists(HiveExternalCatalog.scala:214)
	at org.apache.spark.sql.internal.SharedState.externalCatalog$lzycompute(SharedState.scala:114)
	at org.apache.spark.sql.internal.SharedState.externalCatalog(SharedState.scala:102)
	at org.apache.spark.sql.internal.SharedState.globalTempViewManager$lzycompute(SharedState.scala:141)
	at org.apache.spark.sql.internal.SharedState.globalTempViewManager(SharedState.scala:136)
	at org.apache.spark.sql.hive.HiveSessionStateBuilder$$anonfun$2.apply(HiveSessionStateBuilder.scala:55)
	at org.apache.spark.sql.hive.HiveSessionStateBuilder$$anonfun$2.apply(HiveSessionStateBuilder.scala:55)
	at org.apache.spark.sql.catalyst.catalog.SessionCatalog.globalTempViewManager$lzycompute(SessionCatalog.scala:91)
	at org.apache.spark.sql.catalyst.catalog.SessionCatalog.globalTempViewManager(SessionCatalog.scala:91)
	at org.apache.spark.sql.catalyst.catalog.SessionCatalog.setCurrentDatabase(SessionCatalog.scala:258)
	at org.apache.spark.sql.execution.command.SetDatabaseCommand.run(databases.scala:59)
	at org.apache.spark.sql.execution.command.ExecutedCommandExec.sideEffectResult$lzycompute(commands.scala:70)
	at org.apache.spark.sql.execution.command.ExecutedCommandExec.sideEffectResult(commands.scala:68)
	at org.apache.spark.sql.execution.command.ExecutedCommandExec.executeCollect(commands.scala:79)
	at org.apache.spark.sql.Dataset$$anonfun$6.apply(Dataset.scala:194)
	at org.apache.spark.sql.Dataset$$anonfun$6.apply(Dataset.scala:194)
	at org.apache.spark.sql.Dataset$$anonfun$52.apply(Dataset.scala:3370)
	at org.apache.spark.sql.execution.SQLExecution$$anonfun$withNewExecutionId$1.apply(SQLExecution.scala:80)
	at org.apache.spark.sql.execution.SQLExecution$.withSQLConfPropagated(SQLExecution.scala:127)
	at org.apache.spark.sql.execution.SQLExecution$.withNewExecutionId(SQLExecution.scala:75)
	at org.apache.spark.sql.Dataset.withAction(Dataset.scala:3369)
	at org.apache.spark.sql.Dataset.<init>(Dataset.scala:194)
	at org.apache.spark.sql.Dataset$.ofRows(Dataset.scala:79)
	at org.apache.spark.sql.SparkSession.sql(SparkSession.scala:642)
	at net.alkire.task36.ProcessData$.main(ProcessData.scala:116)
	at net.alkire.task36.ProcessData.main(ProcessData.scala)
	at sun.reflect.NativeMethodAccessorImpl.invoke0(Native Method)
	at sun.reflect.NativeMethodAccessorImpl.invoke(NativeMethodAccessorImpl.java:62)
	at sun.reflect.DelegatingMethodAccessorImpl.invoke(DelegatingMethodAccessorImpl.java:43)
	at java.lang.reflect.Method.invoke(Method.java:498)
	at org.apache.spark.deploy.JavaMainApplication.start(SparkApplication.scala:52)
	at org.apache.spark.deploy.SparkSubmit.org$apache$spark$deploy$SparkSubmit$$runMain(SparkSubmit.scala:845)
	at org.apache.spark.deploy.SparkSubmit.doRunMain$1(SparkSubmit.scala:161)
	at org.apache.spark.deploy.SparkSubmit.submit(SparkSubmit.scala:184)
	at org.apache.spark.deploy.SparkSubmit.doSubmit(SparkSubmit.scala:86)
	at org.apache.spark.deploy.SparkSubmit$$anon$2.doSubmit(SparkSubmit.scala:920)
	at org.apache.spark.deploy.SparkSubmit$.main(SparkSubmit.scala:929)
	at org.apache.spark.deploy.SparkSubmit.main(SparkSubmit.scala)
Caused by: org.datanucleus.exceptions.NucleusException: Attempt to invoke the "BONECP" plugin to create a ConnectionPool gave an error : The specified datastore driver ("com.mysql.jdbc.Driver") was not found in the CLASSPATH. Please check your CLASSPATH specification, and the name of the driver.
	at org.datanucleus.store.rdbms.ConnectionFactoryImpl.generateDataSources(ConnectionFactoryImpl.java:259)
	at org.datanucleus.store.rdbms.ConnectionFactoryImpl.initialiseDataSources(ConnectionFactoryImpl.java:131)
	at org.datanucleus.store.rdbms.ConnectionFactoryImpl.<init>(ConnectionFactoryImpl.java:85)
	... 114 more
Caused by: org.datanucleus.store.rdbms.connectionpool.DatastoreDriverNotFoundException: The specified datastore driver ("com.mysql.jdbc.Driver") was not found in the CLASSPATH. Please check your CLASSPATH specification, and the name of the driver.
	at org.datanucleus.store.rdbms.connectionpool.AbstractConnectionPoolFactory.loadDriver(AbstractConnectionPoolFactory.java:58)
	at org.datanucleus.store.rdbms.connectionpool.BoneCPConnectionPoolFactory.createConnectionPool(BoneCPConnectionPoolFactory.java:54)
	at org.datanucleus.store.rdbms.ConnectionFactoryImpl.generateDataSources(ConnectionFactoryImpl.java:238)
	... 116 more
20/03/03 09:27:49 INFO DataNucleus.Persistence: Property hive.metastore.integral.jdo.pushdown unknown - will be ignored
20/03/03 09:27:49 INFO DataNucleus.Persistence: Property datanucleus.cache.level2 unknown - will be ignored
20/03/03 09:27:49 WARN metadata.Hive: Failed to access metastore. This class should not accessed in runtime.
org.apache.hadoop.hive.ql.metadata.HiveException: java.lang.RuntimeException: Unable to instantiate org.apache.hadoop.hive.ql.metadata.SessionHiveMetaStoreClient
	at org.apache.hadoop.hive.ql.metadata.Hive.getAllDatabases(Hive.java:1236)
	at org.apache.hadoop.hive.ql.metadata.Hive.reloadFunctions(Hive.java:174)
	at org.apache.hadoop.hive.ql.metadata.Hive.<clinit>(Hive.java:166)
	at org.apache.hadoop.hive.ql.session.SessionState.start(SessionState.java:503)
	at org.apache.spark.sql.hive.client.HiveClientImpl.newState(HiveClientImpl.scala:185)
	at org.apache.spark.sql.hive.client.HiveClientImpl.<init>(HiveClientImpl.scala:118)
	at sun.reflect.NativeConstructorAccessorImpl.newInstance0(Native Method)
	at sun.reflect.NativeConstructorAccessorImpl.newInstance(NativeConstructorAccessorImpl.java:62)
	at sun.reflect.DelegatingConstructorAccessorImpl.newInstance(DelegatingConstructorAccessorImpl.java:45)
	at java.lang.reflect.Constructor.newInstance(Constructor.java:423)
	at org.apache.spark.sql.hive.client.IsolatedClientLoader.createClient(IsolatedClientLoader.scala:271)
	at org.apache.spark.sql.hive.HiveUtils$.newClientForMetadata(HiveUtils.scala:384)
	at org.apache.spark.sql.hive.HiveUtils$.newClientForMetadata(HiveUtils.scala:286)
	at org.apache.spark.sql.hive.HiveExternalCatalog.client$lzycompute(HiveExternalCatalog.scala:66)
	at org.apache.spark.sql.hive.HiveExternalCatalog.client(HiveExternalCatalog.scala:65)
	at org.apache.spark.sql.hive.HiveExternalCatalog$$anonfun$databaseExists$1.apply$mcZ$sp(HiveExternalCatalog.scala:215)
	at org.apache.spark.sql.hive.HiveExternalCatalog$$anonfun$databaseExists$1.apply(HiveExternalCatalog.scala:215)
	at org.apache.spark.sql.hive.HiveExternalCatalog$$anonfun$databaseExists$1.apply(HiveExternalCatalog.scala:215)
	at org.apache.spark.sql.hive.HiveExternalCatalog.withClient(HiveExternalCatalog.scala:97)
	at org.apache.spark.sql.hive.HiveExternalCatalog.databaseExists(HiveExternalCatalog.scala:214)
	at org.apache.spark.sql.internal.SharedState.externalCatalog$lzycompute(SharedState.scala:114)
	at org.apache.spark.sql.internal.SharedState.externalCatalog(SharedState.scala:102)
	at org.apache.spark.sql.internal.SharedState.globalTempViewManager$lzycompute(SharedState.scala:141)
	at org.apache.spark.sql.internal.SharedState.globalTempViewManager(SharedState.scala:136)
	at org.apache.spark.sql.hive.HiveSessionStateBuilder$$anonfun$2.apply(HiveSessionStateBuilder.scala:55)
	at org.apache.spark.sql.hive.HiveSessionStateBuilder$$anonfun$2.apply(HiveSessionStateBuilder.scala:55)
	at org.apache.spark.sql.catalyst.catalog.SessionCatalog.globalTempViewManager$lzycompute(SessionCatalog.scala:91)
	at org.apache.spark.sql.catalyst.catalog.SessionCatalog.globalTempViewManager(SessionCatalog.scala:91)
	at org.apache.spark.sql.catalyst.catalog.SessionCatalog.setCurrentDatabase(SessionCatalog.scala:258)
	at org.apache.spark.sql.execution.command.SetDatabaseCommand.run(databases.scala:59)
	at org.apache.spark.sql.execution.command.ExecutedCommandExec.sideEffectResult$lzycompute(commands.scala:70)
	at org.apache.spark.sql.execution.command.ExecutedCommandExec.sideEffectResult(commands.scala:68)
	at org.apache.spark.sql.execution.command.ExecutedCommandExec.executeCollect(commands.scala:79)
	at org.apache.spark.sql.Dataset$$anonfun$6.apply(Dataset.scala:194)
	at org.apache.spark.sql.Dataset$$anonfun$6.apply(Dataset.scala:194)
	at org.apache.spark.sql.Dataset$$anonfun$52.apply(Dataset.scala:3370)
	at org.apache.spark.sql.execution.SQLExecution$$anonfun$withNewExecutionId$1.apply(SQLExecution.scala:80)
	at org.apache.spark.sql.execution.SQLExecution$.withSQLConfPropagated(SQLExecution.scala:127)
	at org.apache.spark.sql.execution.SQLExecution$.withNewExecutionId(SQLExecution.scala:75)
	at org.apache.spark.sql.Dataset.withAction(Dataset.scala:3369)
	at org.apache.spark.sql.Dataset.<init>(Dataset.scala:194)
	at org.apache.spark.sql.Dataset$.ofRows(Dataset.scala:79)
	at org.apache.spark.sql.SparkSession.sql(SparkSession.scala:642)
	at net.alkire.task36.ProcessData$.main(ProcessData.scala:116)
	at net.alkire.task36.ProcessData.main(ProcessData.scala)
	at sun.reflect.NativeMethodAccessorImpl.invoke0(Native Method)
	at sun.reflect.NativeMethodAccessorImpl.invoke(NativeMethodAccessorImpl.java:62)
	at sun.reflect.DelegatingMethodAccessorImpl.invoke(DelegatingMethodAccessorImpl.java:43)
	at java.lang.reflect.Method.invoke(Method.java:498)
	at org.apache.spark.deploy.JavaMainApplication.start(SparkApplication.scala:52)
	at org.apache.spark.deploy.SparkSubmit.org$apache$spark$deploy$SparkSubmit$$runMain(SparkSubmit.scala:845)
	at org.apache.spark.deploy.SparkSubmit.doRunMain$1(SparkSubmit.scala:161)
	at org.apache.spark.deploy.SparkSubmit.submit(SparkSubmit.scala:184)
	at org.apache.spark.deploy.SparkSubmit.doSubmit(SparkSubmit.scala:86)
	at org.apache.spark.deploy.SparkSubmit$$anon$2.doSubmit(SparkSubmit.scala:920)
	at org.apache.spark.deploy.SparkSubmit$.main(SparkSubmit.scala:929)
	at org.apache.spark.deploy.SparkSubmit.main(SparkSubmit.scala)
Caused by: java.lang.RuntimeException: Unable to instantiate org.apache.hadoop.hive.ql.metadata.SessionHiveMetaStoreClient
	at org.apache.hadoop.hive.metastore.MetaStoreUtils.newInstance(MetaStoreUtils.java:1523)
	at org.apache.hadoop.hive.metastore.RetryingMetaStoreClient.<init>(RetryingMetaStoreClient.java:86)
	at org.apache.hadoop.hive.metastore.RetryingMetaStoreClient.getProxy(RetryingMetaStoreClient.java:132)
	at org.apache.hadoop.hive.metastore.RetryingMetaStoreClient.getProxy(RetryingMetaStoreClient.java:104)
	at org.apache.hadoop.hive.ql.metadata.Hive.createMetaStoreClient(Hive.java:3005)
	at org.apache.hadoop.hive.ql.metadata.Hive.getMSC(Hive.java:3024)
	at org.apache.hadoop.hive.ql.metadata.Hive.getAllDatabases(Hive.java:1234)
	... 56 more
Caused by: java.lang.reflect.InvocationTargetException
	at sun.reflect.NativeConstructorAccessorImpl.newInstance0(Native Method)
	at sun.reflect.NativeConstructorAccessorImpl.newInstance(NativeConstructorAccessorImpl.java:62)
	at sun.reflect.DelegatingConstructorAccessorImpl.newInstance(DelegatingConstructorAccessorImpl.java:45)
	at java.lang.reflect.Constructor.newInstance(Constructor.java:423)
	at org.apache.hadoop.hive.metastore.MetaStoreUtils.newInstance(MetaStoreUtils.java:1521)
	... 62 more
Caused by: javax.jdo.JDOFatalInternalException: Error creating transactional connection factory
NestedThrowables:
java.lang.reflect.InvocationTargetException
	at org.datanucleus.api.jdo.NucleusJDOHelper.getJDOExceptionForNucleusException(NucleusJDOHelper.java:587)
	at org.datanucleus.api.jdo.JDOPersistenceManagerFactory.freezeConfiguration(JDOPersistenceManagerFactory.java:788)
	at org.datanucleus.api.jdo.JDOPersistenceManagerFactory.createPersistenceManagerFactory(JDOPersistenceManagerFactory.java:333)
	at org.datanucleus.api.jdo.JDOPersistenceManagerFactory.getPersistenceManagerFactory(JDOPersistenceManagerFactory.java:202)
	at sun.reflect.NativeMethodAccessorImpl.invoke0(Native Method)
	at sun.reflect.NativeMethodAccessorImpl.invoke(NativeMethodAccessorImpl.java:62)
	at sun.reflect.DelegatingMethodAccessorImpl.invoke(DelegatingMethodAccessorImpl.java:43)
	at java.lang.reflect.Method.invoke(Method.java:498)
	at javax.jdo.JDOHelper$16.run(JDOHelper.java:1965)
	at java.security.AccessController.doPrivileged(Native Method)
	at javax.jdo.JDOHelper.invoke(JDOHelper.java:1960)
	at javax.jdo.JDOHelper.invokeGetPersistenceManagerFactoryOnImplementation(JDOHelper.java:1166)
	at javax.jdo.JDOHelper.getPersistenceManagerFactory(JDOHelper.java:808)
	at javax.jdo.JDOHelper.getPersistenceManagerFactory(JDOHelper.java:701)
	at org.apache.hadoop.hive.metastore.ObjectStore.getPMF(ObjectStore.java:365)
	at org.apache.hadoop.hive.metastore.ObjectStore.getPersistenceManager(ObjectStore.java:394)
	at org.apache.hadoop.hive.metastore.ObjectStore.initialize(ObjectStore.java:291)
	at org.apache.hadoop.hive.metastore.ObjectStore.setConf(ObjectStore.java:258)
	at org.apache.hadoop.util.ReflectionUtils.setConf(ReflectionUtils.java:76)
	at org.apache.hadoop.util.ReflectionUtils.newInstance(ReflectionUtils.java:136)
	at org.apache.hadoop.hive.metastore.RawStoreProxy.<init>(RawStoreProxy.java:57)
	at org.apache.hadoop.hive.metastore.RawStoreProxy.getProxy(RawStoreProxy.java:66)
	at org.apache.hadoop.hive.metastore.HiveMetaStore$HMSHandler.newRawStore(HiveMetaStore.java:593)
	at org.apache.hadoop.hive.metastore.HiveMetaStore$HMSHandler.getMS(HiveMetaStore.java:571)
	at org.apache.hadoop.hive.metastore.HiveMetaStore$HMSHandler.createDefaultDB(HiveMetaStore.java:624)
	at org.apache.hadoop.hive.metastore.HiveMetaStore$HMSHandler.init(HiveMetaStore.java:461)
	at org.apache.hadoop.hive.metastore.RetryingHMSHandler.<init>(RetryingHMSHandler.java:66)
	at org.apache.hadoop.hive.metastore.RetryingHMSHandler.getProxy(RetryingHMSHandler.java:72)
	at org.apache.hadoop.hive.metastore.HiveMetaStore.newRetryingHMSHandler(HiveMetaStore.java:5762)
	at org.apache.hadoop.hive.metastore.HiveMetaStoreClient.<init>(HiveMetaStoreClient.java:199)
	at org.apache.hadoop.hive.ql.metadata.SessionHiveMetaStoreClient.<init>(SessionHiveMetaStoreClient.java:74)
	... 67 more
Caused by: java.lang.reflect.InvocationTargetException
	at sun.reflect.NativeConstructorAccessorImpl.newInstance0(Native Method)
	at sun.reflect.NativeConstructorAccessorImpl.newInstance(NativeConstructorAccessorImpl.java:62)
	at sun.reflect.DelegatingConstructorAccessorImpl.newInstance(DelegatingConstructorAccessorImpl.java:45)
	at java.lang.reflect.Constructor.newInstance(Constructor.java:423)
	at org.datanucleus.plugin.NonManagedPluginRegistry.createExecutableExtension(NonManagedPluginRegistry.java:631)
	at org.datanucleus.plugin.PluginManager.createExecutableExtension(PluginManager.java:325)
	at org.datanucleus.store.AbstractStoreManager.registerConnectionFactory(AbstractStoreManager.java:282)
	at org.datanucleus.store.AbstractStoreManager.<init>(AbstractStoreManager.java:240)
	at org.datanucleus.store.rdbms.RDBMSStoreManager.<init>(RDBMSStoreManager.java:286)
	at sun.reflect.NativeConstructorAccessorImpl.newInstance0(Native Method)
	at sun.reflect.NativeConstructorAccessorImpl.newInstance(NativeConstructorAccessorImpl.java:62)
	at sun.reflect.DelegatingConstructorAccessorImpl.newInstance(DelegatingConstructorAccessorImpl.java:45)
	at java.lang.reflect.Constructor.newInstance(Constructor.java:423)
	at org.datanucleus.plugin.NonManagedPluginRegistry.createExecutableExtension(NonManagedPluginRegistry.java:631)
	at org.datanucleus.plugin.PluginManager.createExecutableExtension(PluginManager.java:301)
	at org.datanucleus.NucleusContext.createStoreManagerForProperties(NucleusContext.java:1187)
	at org.datanucleus.NucleusContext.initialise(NucleusContext.java:356)
	at org.datanucleus.api.jdo.JDOPersistenceManagerFactory.freezeConfiguration(JDOPersistenceManagerFactory.java:775)
	... 96 more
Caused by: org.datanucleus.exceptions.NucleusException: Attempt to invoke the "BONECP" plugin to create a ConnectionPool gave an error : The specified datastore driver ("com.mysql.jdbc.Driver") was not found in the CLASSPATH. Please check your CLASSPATH specification, and the name of the driver.
	at org.datanucleus.store.rdbms.ConnectionFactoryImpl.generateDataSources(ConnectionFactoryImpl.java:259)
	at org.datanucleus.store.rdbms.ConnectionFactoryImpl.initialiseDataSources(ConnectionFactoryImpl.java:131)
	at org.datanucleus.store.rdbms.ConnectionFactoryImpl.<init>(ConnectionFactoryImpl.java:85)
	... 114 more
Caused by: org.datanucleus.store.rdbms.connectionpool.DatastoreDriverNotFoundException: The specified datastore driver ("com.mysql.jdbc.Driver") was not found in the CLASSPATH. Please check your CLASSPATH specification, and the name of the driver.
	at org.datanucleus.store.rdbms.connectionpool.AbstractConnectionPoolFactory.loadDriver(AbstractConnectionPoolFactory.java:58)
	at org.datanucleus.store.rdbms.connectionpool.BoneCPConnectionPoolFactory.createConnectionPool(BoneCPConnectionPoolFactory.java:54)
	at org.datanucleus.store.rdbms.ConnectionFactoryImpl.generateDataSources(ConnectionFactoryImpl.java:238)
	... 116 more
20/03/03 09:27:49 INFO DataNucleus.Persistence: Property hive.metastore.integral.jdo.pushdown unknown - will be ignored
20/03/03 09:27:49 INFO DataNucleus.Persistence: Property datanucleus.cache.level2 unknown - will be ignored
20/03/03 09:27:49 WARN metastore.HiveMetaStore: Retrying creating default database after error: Error creating transactional connection factory
javax.jdo.JDOFatalInternalException: Error creating transactional connection factory
	at org.datanucleus.api.jdo.NucleusJDOHelper.getJDOExceptionForNucleusException(NucleusJDOHelper.java:587)
	at org.datanucleus.api.jdo.JDOPersistenceManagerFactory.freezeConfiguration(JDOPersistenceManagerFactory.java:788)
	at org.datanucleus.api.jdo.JDOPersistenceManagerFactory.createPersistenceManagerFactory(JDOPersistenceManagerFactory.java:333)
	at org.datanucleus.api.jdo.JDOPersistenceManagerFactory.getPersistenceManagerFactory(JDOPersistenceManagerFactory.java:202)
	at sun.reflect.NativeMethodAccessorImpl.invoke0(Native Method)
	at sun.reflect.NativeMethodAccessorImpl.invoke(NativeMethodAccessorImpl.java:62)
	at sun.reflect.DelegatingMethodAccessorImpl.invoke(DelegatingMethodAccessorImpl.java:43)
	at java.lang.reflect.Method.invoke(Method.java:498)
	at javax.jdo.JDOHelper$16.run(JDOHelper.java:1965)
	at java.security.AccessController.doPrivileged(Native Method)
	at javax.jdo.JDOHelper.invoke(JDOHelper.java:1960)
	at javax.jdo.JDOHelper.invokeGetPersistenceManagerFactoryOnImplementation(JDOHelper.java:1166)
	at javax.jdo.JDOHelper.getPersistenceManagerFactory(JDOHelper.java:808)
	at javax.jdo.JDOHelper.getPersistenceManagerFactory(JDOHelper.java:701)
	at org.apache.hadoop.hive.metastore.ObjectStore.getPMF(ObjectStore.java:365)
	at org.apache.hadoop.hive.metastore.ObjectStore.getPersistenceManager(ObjectStore.java:394)
	at org.apache.hadoop.hive.metastore.ObjectStore.initialize(ObjectStore.java:291)
	at org.apache.hadoop.hive.metastore.ObjectStore.setConf(ObjectStore.java:258)
	at org.apache.hadoop.util.ReflectionUtils.setConf(ReflectionUtils.java:76)
	at org.apache.hadoop.util.ReflectionUtils.newInstance(ReflectionUtils.java:136)
	at org.apache.hadoop.hive.metastore.RawStoreProxy.<init>(RawStoreProxy.java:57)
	at org.apache.hadoop.hive.metastore.RawStoreProxy.getProxy(RawStoreProxy.java:66)
	at org.apache.hadoop.hive.metastore.HiveMetaStore$HMSHandler.newRawStore(HiveMetaStore.java:593)
	at org.apache.hadoop.hive.metastore.HiveMetaStore$HMSHandler.getMS(HiveMetaStore.java:571)
	at org.apache.hadoop.hive.metastore.HiveMetaStore$HMSHandler.createDefaultDB(HiveMetaStore.java:620)
	at org.apache.hadoop.hive.metastore.HiveMetaStore$HMSHandler.init(HiveMetaStore.java:461)
	at org.apache.hadoop.hive.metastore.RetryingHMSHandler.<init>(RetryingHMSHandler.java:66)
	at org.apache.hadoop.hive.metastore.RetryingHMSHandler.getProxy(RetryingHMSHandler.java:72)
	at org.apache.hadoop.hive.metastore.HiveMetaStore.newRetryingHMSHandler(HiveMetaStore.java:5762)
	at org.apache.hadoop.hive.metastore.HiveMetaStoreClient.<init>(HiveMetaStoreClient.java:199)
	at org.apache.hadoop.hive.ql.metadata.SessionHiveMetaStoreClient.<init>(SessionHiveMetaStoreClient.java:74)
	at sun.reflect.NativeConstructorAccessorImpl.newInstance0(Native Method)
	at sun.reflect.NativeConstructorAccessorImpl.newInstance(NativeConstructorAccessorImpl.java:62)
	at sun.reflect.DelegatingConstructorAccessorImpl.newInstance(DelegatingConstructorAccessorImpl.java:45)
	at java.lang.reflect.Constructor.newInstance(Constructor.java:423)
	at org.apache.hadoop.hive.metastore.MetaStoreUtils.newInstance(MetaStoreUtils.java:1521)
	at org.apache.hadoop.hive.metastore.RetryingMetaStoreClient.<init>(RetryingMetaStoreClient.java:86)
	at org.apache.hadoop.hive.metastore.RetryingMetaStoreClient.getProxy(RetryingMetaStoreClient.java:132)
	at org.apache.hadoop.hive.metastore.RetryingMetaStoreClient.getProxy(RetryingMetaStoreClient.java:104)
	at org.apache.hadoop.hive.ql.metadata.Hive.createMetaStoreClient(Hive.java:3005)
	at org.apache.hadoop.hive.ql.metadata.Hive.getMSC(Hive.java:3024)
	at org.apache.hadoop.hive.ql.session.SessionState.start(SessionState.java:503)
	at org.apache.spark.sql.hive.client.HiveClientImpl.newState(HiveClientImpl.scala:185)
	at org.apache.spark.sql.hive.client.HiveClientImpl.<init>(HiveClientImpl.scala:118)
	at sun.reflect.NativeConstructorAccessorImpl.newInstance0(Native Method)
	at sun.reflect.NativeConstructorAccessorImpl.newInstance(NativeConstructorAccessorImpl.java:62)
	at sun.reflect.DelegatingConstructorAccessorImpl.newInstance(DelegatingConstructorAccessorImpl.java:45)
	at java.lang.reflect.Constructor.newInstance(Constructor.java:423)
	at org.apache.spark.sql.hive.client.IsolatedClientLoader.createClient(IsolatedClientLoader.scala:271)
	at org.apache.spark.sql.hive.HiveUtils$.newClientForMetadata(HiveUtils.scala:384)
	at org.apache.spark.sql.hive.HiveUtils$.newClientForMetadata(HiveUtils.scala:286)
	at org.apache.spark.sql.hive.HiveExternalCatalog.client$lzycompute(HiveExternalCatalog.scala:66)
	at org.apache.spark.sql.hive.HiveExternalCatalog.client(HiveExternalCatalog.scala:65)
	at org.apache.spark.sql.hive.HiveExternalCatalog$$anonfun$databaseExists$1.apply$mcZ$sp(HiveExternalCatalog.scala:215)
	at org.apache.spark.sql.hive.HiveExternalCatalog$$anonfun$databaseExists$1.apply(HiveExternalCatalog.scala:215)
	at org.apache.spark.sql.hive.HiveExternalCatalog$$anonfun$databaseExists$1.apply(HiveExternalCatalog.scala:215)
	at org.apache.spark.sql.hive.HiveExternalCatalog.withClient(HiveExternalCatalog.scala:97)
	at org.apache.spark.sql.hive.HiveExternalCatalog.databaseExists(HiveExternalCatalog.scala:214)
	at org.apache.spark.sql.internal.SharedState.externalCatalog$lzycompute(SharedState.scala:114)
	at org.apache.spark.sql.internal.SharedState.externalCatalog(SharedState.scala:102)
	at org.apache.spark.sql.internal.SharedState.globalTempViewManager$lzycompute(SharedState.scala:141)
	at org.apache.spark.sql.internal.SharedState.globalTempViewManager(SharedState.scala:136)
	at org.apache.spark.sql.hive.HiveSessionStateBuilder$$anonfun$2.apply(HiveSessionStateBuilder.scala:55)
	at org.apache.spark.sql.hive.HiveSessionStateBuilder$$anonfun$2.apply(HiveSessionStateBuilder.scala:55)
	at org.apache.spark.sql.catalyst.catalog.SessionCatalog.globalTempViewManager$lzycompute(SessionCatalog.scala:91)
	at org.apache.spark.sql.catalyst.catalog.SessionCatalog.globalTempViewManager(SessionCatalog.scala:91)
	at org.apache.spark.sql.catalyst.catalog.SessionCatalog.setCurrentDatabase(SessionCatalog.scala:258)
	at org.apache.spark.sql.execution.command.SetDatabaseCommand.run(databases.scala:59)
	at org.apache.spark.sql.execution.command.ExecutedCommandExec.sideEffectResult$lzycompute(commands.scala:70)
	at org.apache.spark.sql.execution.command.ExecutedCommandExec.sideEffectResult(commands.scala:68)
	at org.apache.spark.sql.execution.command.ExecutedCommandExec.executeCollect(commands.scala:79)
	at org.apache.spark.sql.Dataset$$anonfun$6.apply(Dataset.scala:194)
	at org.apache.spark.sql.Dataset$$anonfun$6.apply(Dataset.scala:194)
	at org.apache.spark.sql.Dataset$$anonfun$52.apply(Dataset.scala:3370)
	at org.apache.spark.sql.execution.SQLExecution$$anonfun$withNewExecutionId$1.apply(SQLExecution.scala:80)
	at org.apache.spark.sql.execution.SQLExecution$.withSQLConfPropagated(SQLExecution.scala:127)
	at org.apache.spark.sql.execution.SQLExecution$.withNewExecutionId(SQLExecution.scala:75)
	at org.apache.spark.sql.Dataset.withAction(Dataset.scala:3369)
	at org.apache.spark.sql.Dataset.<init>(Dataset.scala:194)
	at org.apache.spark.sql.Dataset$.ofRows(Dataset.scala:79)
	at org.apache.spark.sql.SparkSession.sql(SparkSession.scala:642)
	at net.alkire.task36.ProcessData$.main(ProcessData.scala:116)
	at net.alkire.task36.ProcessData.main(ProcessData.scala)
	at sun.reflect.NativeMethodAccessorImpl.invoke0(Native Method)
	at sun.reflect.NativeMethodAccessorImpl.invoke(NativeMethodAccessorImpl.java:62)
	at sun.reflect.DelegatingMethodAccessorImpl.invoke(DelegatingMethodAccessorImpl.java:43)
	at java.lang.reflect.Method.invoke(Method.java:498)
	at org.apache.spark.deploy.JavaMainApplication.start(SparkApplication.scala:52)
	at org.apache.spark.deploy.SparkSubmit.org$apache$spark$deploy$SparkSubmit$$runMain(SparkSubmit.scala:845)
	at org.apache.spark.deploy.SparkSubmit.doRunMain$1(SparkSubmit.scala:161)
	at org.apache.spark.deploy.SparkSubmit.submit(SparkSubmit.scala:184)
	at org.apache.spark.deploy.SparkSubmit.doSubmit(SparkSubmit.scala:86)
	at org.apache.spark.deploy.SparkSubmit$$anon$2.doSubmit(SparkSubmit.scala:920)
	at org.apache.spark.deploy.SparkSubmit$.main(SparkSubmit.scala:929)
	at org.apache.spark.deploy.SparkSubmit.main(SparkSubmit.scala)
NestedThrowablesStackTrace:
java.lang.reflect.InvocationTargetException
	at sun.reflect.NativeConstructorAccessorImpl.newInstance0(Native Method)
	at sun.reflect.NativeConstructorAccessorImpl.newInstance(NativeConstructorAccessorImpl.java:62)
	at sun.reflect.DelegatingConstructorAccessorImpl.newInstance(DelegatingConstructorAccessorImpl.java:45)
	at java.lang.reflect.Constructor.newInstance(Constructor.java:423)
	at org.datanucleus.plugin.NonManagedPluginRegistry.createExecutableExtension(NonManagedPluginRegistry.java:631)
	at org.datanucleus.plugin.PluginManager.createExecutableExtension(PluginManager.java:325)
	at org.datanucleus.store.AbstractStoreManager.registerConnectionFactory(AbstractStoreManager.java:282)
	at org.datanucleus.store.AbstractStoreManager.<init>(AbstractStoreManager.java:240)
	at org.datanucleus.store.rdbms.RDBMSStoreManager.<init>(RDBMSStoreManager.java:286)
	at sun.reflect.NativeConstructorAccessorImpl.newInstance0(Native Method)
	at sun.reflect.NativeConstructorAccessorImpl.newInstance(NativeConstructorAccessorImpl.java:62)
	at sun.reflect.DelegatingConstructorAccessorImpl.newInstance(DelegatingConstructorAccessorImpl.java:45)
	at java.lang.reflect.Constructor.newInstance(Constructor.java:423)
	at org.datanucleus.plugin.NonManagedPluginRegistry.createExecutableExtension(NonManagedPluginRegistry.java:631)
	at org.datanucleus.plugin.PluginManager.createExecutableExtension(PluginManager.java:301)
	at org.datanucleus.NucleusContext.createStoreManagerForProperties(NucleusContext.java:1187)
	at org.datanucleus.NucleusContext.initialise(NucleusContext.java:356)
	at org.datanucleus.api.jdo.JDOPersistenceManagerFactory.freezeConfiguration(JDOPersistenceManagerFactory.java:775)
	at org.datanucleus.api.jdo.JDOPersistenceManagerFactory.createPersistenceManagerFactory(JDOPersistenceManagerFactory.java:333)
	at org.datanucleus.api.jdo.JDOPersistenceManagerFactory.getPersistenceManagerFactory(JDOPersistenceManagerFactory.java:202)
	at sun.reflect.NativeMethodAccessorImpl.invoke0(Native Method)
	at sun.reflect.NativeMethodAccessorImpl.invoke(NativeMethodAccessorImpl.java:62)
	at sun.reflect.DelegatingMethodAccessorImpl.invoke(DelegatingMethodAccessorImpl.java:43)
	at java.lang.reflect.Method.invoke(Method.java:498)
	at javax.jdo.JDOHelper$16.run(JDOHelper.java:1965)
	at java.security.AccessController.doPrivileged(Native Method)
	at javax.jdo.JDOHelper.invoke(JDOHelper.java:1960)
	at javax.jdo.JDOHelper.invokeGetPersistenceManagerFactoryOnImplementation(JDOHelper.java:1166)
	at javax.jdo.JDOHelper.getPersistenceManagerFactory(JDOHelper.java:808)
	at javax.jdo.JDOHelper.getPersistenceManagerFactory(JDOHelper.java:701)
	at org.apache.hadoop.hive.metastore.ObjectStore.getPMF(ObjectStore.java:365)
	at org.apache.hadoop.hive.metastore.ObjectStore.getPersistenceManager(ObjectStore.java:394)
	at org.apache.hadoop.hive.metastore.ObjectStore.initialize(ObjectStore.java:291)
	at org.apache.hadoop.hive.metastore.ObjectStore.setConf(ObjectStore.java:258)
	at org.apache.hadoop.util.ReflectionUtils.setConf(ReflectionUtils.java:76)
	at org.apache.hadoop.util.ReflectionUtils.newInstance(ReflectionUtils.java:136)
	at org.apache.hadoop.hive.metastore.RawStoreProxy.<init>(RawStoreProxy.java:57)
	at org.apache.hadoop.hive.metastore.RawStoreProxy.getProxy(RawStoreProxy.java:66)
	at org.apache.hadoop.hive.metastore.HiveMetaStore$HMSHandler.newRawStore(HiveMetaStore.java:593)
	at org.apache.hadoop.hive.metastore.HiveMetaStore$HMSHandler.getMS(HiveMetaStore.java:571)
	at org.apache.hadoop.hive.metastore.HiveMetaStore$HMSHandler.createDefaultDB(HiveMetaStore.java:620)
	at org.apache.hadoop.hive.metastore.HiveMetaStore$HMSHandler.init(HiveMetaStore.java:461)
	at org.apache.hadoop.hive.metastore.RetryingHMSHandler.<init>(RetryingHMSHandler.java:66)
	at org.apache.hadoop.hive.metastore.RetryingHMSHandler.getProxy(RetryingHMSHandler.java:72)
	at org.apache.hadoop.hive.metastore.HiveMetaStore.newRetryingHMSHandler(HiveMetaStore.java:5762)
	at org.apache.hadoop.hive.metastore.HiveMetaStoreClient.<init>(HiveMetaStoreClient.java:199)
	at org.apache.hadoop.hive.ql.metadata.SessionHiveMetaStoreClient.<init>(SessionHiveMetaStoreClient.java:74)
	at sun.reflect.NativeConstructorAccessorImpl.newInstance0(Native Method)
	at sun.reflect.NativeConstructorAccessorImpl.newInstance(NativeConstructorAccessorImpl.java:62)
	at sun.reflect.DelegatingConstructorAccessorImpl.newInstance(DelegatingConstructorAccessorImpl.java:45)
	at java.lang.reflect.Constructor.newInstance(Constructor.java:423)
	at org.apache.hadoop.hive.metastore.MetaStoreUtils.newInstance(MetaStoreUtils.java:1521)
	at org.apache.hadoop.hive.metastore.RetryingMetaStoreClient.<init>(RetryingMetaStoreClient.java:86)
	at org.apache.hadoop.hive.metastore.RetryingMetaStoreClient.getProxy(RetryingMetaStoreClient.java:132)
	at org.apache.hadoop.hive.metastore.RetryingMetaStoreClient.getProxy(RetryingMetaStoreClient.java:104)
	at org.apache.hadoop.hive.ql.metadata.Hive.createMetaStoreClient(Hive.java:3005)
	at org.apache.hadoop.hive.ql.metadata.Hive.getMSC(Hive.java:3024)
	at org.apache.hadoop.hive.ql.session.SessionState.start(SessionState.java:503)
	at org.apache.spark.sql.hive.client.HiveClientImpl.newState(HiveClientImpl.scala:185)
	at org.apache.spark.sql.hive.client.HiveClientImpl.<init>(HiveClientImpl.scala:118)
	at sun.reflect.NativeConstructorAccessorImpl.newInstance0(Native Method)
	at sun.reflect.NativeConstructorAccessorImpl.newInstance(NativeConstructorAccessorImpl.java:62)
	at sun.reflect.DelegatingConstructorAccessorImpl.newInstance(DelegatingConstructorAccessorImpl.java:45)
	at java.lang.reflect.Constructor.newInstance(Constructor.java:423)
	at org.apache.spark.sql.hive.client.IsolatedClientLoader.createClient(IsolatedClientLoader.scala:271)
	at org.apache.spark.sql.hive.HiveUtils$.newClientForMetadata(HiveUtils.scala:384)
	at org.apache.spark.sql.hive.HiveUtils$.newClientForMetadata(HiveUtils.scala:286)
	at org.apache.spark.sql.hive.HiveExternalCatalog.client$lzycompute(HiveExternalCatalog.scala:66)
	at org.apache.spark.sql.hive.HiveExternalCatalog.client(HiveExternalCatalog.scala:65)
	at org.apache.spark.sql.hive.HiveExternalCatalog$$anonfun$databaseExists$1.apply$mcZ$sp(HiveExternalCatalog.scala:215)
	at org.apache.spark.sql.hive.HiveExternalCatalog$$anonfun$databaseExists$1.apply(HiveExternalCatalog.scala:215)
	at org.apache.spark.sql.hive.HiveExternalCatalog$$anonfun$databaseExists$1.apply(HiveExternalCatalog.scala:215)
	at org.apache.spark.sql.hive.HiveExternalCatalog.withClient(HiveExternalCatalog.scala:97)
	at org.apache.spark.sql.hive.HiveExternalCatalog.databaseExists(HiveExternalCatalog.scala:214)
	at org.apache.spark.sql.internal.SharedState.externalCatalog$lzycompute(SharedState.scala:114)
	at org.apache.spark.sql.internal.SharedState.externalCatalog(SharedState.scala:102)
	at org.apache.spark.sql.internal.SharedState.globalTempViewManager$lzycompute(SharedState.scala:141)
	at org.apache.spark.sql.internal.SharedState.globalTempViewManager(SharedState.scala:136)
	at org.apache.spark.sql.hive.HiveSessionStateBuilder$$anonfun$2.apply(HiveSessionStateBuilder.scala:55)
	at org.apache.spark.sql.hive.HiveSessionStateBuilder$$anonfun$2.apply(HiveSessionStateBuilder.scala:55)
	at org.apache.spark.sql.catalyst.catalog.SessionCatalog.globalTempViewManager$lzycompute(SessionCatalog.scala:91)
	at org.apache.spark.sql.catalyst.catalog.SessionCatalog.globalTempViewManager(SessionCatalog.scala:91)
	at org.apache.spark.sql.catalyst.catalog.SessionCatalog.setCurrentDatabase(SessionCatalog.scala:258)
	at org.apache.spark.sql.execution.command.SetDatabaseCommand.run(databases.scala:59)
	at org.apache.spark.sql.execution.command.ExecutedCommandExec.sideEffectResult$lzycompute(commands.scala:70)
	at org.apache.spark.sql.execution.command.ExecutedCommandExec.sideEffectResult(commands.scala:68)
	at org.apache.spark.sql.execution.command.ExecutedCommandExec.executeCollect(commands.scala:79)
	at org.apache.spark.sql.Dataset$$anonfun$6.apply(Dataset.scala:194)
	at org.apache.spark.sql.Dataset$$anonfun$6.apply(Dataset.scala:194)
	at org.apache.spark.sql.Dataset$$anonfun$52.apply(Dataset.scala:3370)
	at org.apache.spark.sql.execution.SQLExecution$$anonfun$withNewExecutionId$1.apply(SQLExecution.scala:80)
	at org.apache.spark.sql.execution.SQLExecution$.withSQLConfPropagated(SQLExecution.scala:127)
	at org.apache.spark.sql.execution.SQLExecution$.withNewExecutionId(SQLExecution.scala:75)
	at org.apache.spark.sql.Dataset.withAction(Dataset.scala:3369)
	at org.apache.spark.sql.Dataset.<init>(Dataset.scala:194)
	at org.apache.spark.sql.Dataset$.ofRows(Dataset.scala:79)
	at org.apache.spark.sql.SparkSession.sql(SparkSession.scala:642)
	at net.alkire.task36.ProcessData$.main(ProcessData.scala:116)
	at net.alkire.task36.ProcessData.main(ProcessData.scala)
	at sun.reflect.NativeMethodAccessorImpl.invoke0(Native Method)
	at sun.reflect.NativeMethodAccessorImpl.invoke(NativeMethodAccessorImpl.java:62)
	at sun.reflect.DelegatingMethodAccessorImpl.invoke(DelegatingMethodAccessorImpl.java:43)
	at java.lang.reflect.Method.invoke(Method.java:498)
	at org.apache.spark.deploy.JavaMainApplication.start(SparkApplication.scala:52)
	at org.apache.spark.deploy.SparkSubmit.org$apache$spark$deploy$SparkSubmit$$runMain(SparkSubmit.scala:845)
	at org.apache.spark.deploy.SparkSubmit.doRunMain$1(SparkSubmit.scala:161)
	at org.apache.spark.deploy.SparkSubmit.submit(SparkSubmit.scala:184)
	at org.apache.spark.deploy.SparkSubmit.doSubmit(SparkSubmit.scala:86)
	at org.apache.spark.deploy.SparkSubmit$$anon$2.doSubmit(SparkSubmit.scala:920)
	at org.apache.spark.deploy.SparkSubmit$.main(SparkSubmit.scala:929)
	at org.apache.spark.deploy.SparkSubmit.main(SparkSubmit.scala)
Caused by: org.datanucleus.exceptions.NucleusException: Attempt to invoke the "BONECP" plugin to create a ConnectionPool gave an error : The specified datastore driver ("com.mysql.jdbc.Driver") was not found in the CLASSPATH. Please check your CLASSPATH specification, and the name of the driver.
	at org.datanucleus.store.rdbms.ConnectionFactoryImpl.generateDataSources(ConnectionFactoryImpl.java:259)
	at org.datanucleus.store.rdbms.ConnectionFactoryImpl.initialiseDataSources(ConnectionFactoryImpl.java:131)
	at org.datanucleus.store.rdbms.ConnectionFactoryImpl.<init>(ConnectionFactoryImpl.java:85)
	... 111 more
Caused by: org.datanucleus.store.rdbms.connectionpool.DatastoreDriverNotFoundException: The specified datastore driver ("com.mysql.jdbc.Driver") was not found in the CLASSPATH. Please check your CLASSPATH specification, and the name of the driver.
	at org.datanucleus.store.rdbms.connectionpool.AbstractConnectionPoolFactory.loadDriver(AbstractConnectionPoolFactory.java:58)
	at org.datanucleus.store.rdbms.connectionpool.BoneCPConnectionPoolFactory.createConnectionPool(BoneCPConnectionPoolFactory.java:54)
	at org.datanucleus.store.rdbms.ConnectionFactoryImpl.generateDataSources(ConnectionFactoryImpl.java:238)
	... 113 more
20/03/03 09:27:49 INFO DataNucleus.Persistence: Property hive.metastore.integral.jdo.pushdown unknown - will be ignored
20/03/03 09:27:49 INFO DataNucleus.Persistence: Property datanucleus.cache.level2 unknown - will be ignored
Exception in thread "main" org.apache.spark.sql.AnalysisException: java.lang.RuntimeException: java.lang.RuntimeException: Unable to instantiate org.apache.hadoop.hive.ql.metadata.SessionHiveMetaStoreClient;
	at org.apache.spark.sql.hive.HiveExternalCatalog.withClient(HiveExternalCatalog.scala:106)
	at org.apache.spark.sql.hive.HiveExternalCatalog.databaseExists(HiveExternalCatalog.scala:214)
	at org.apache.spark.sql.internal.SharedState.externalCatalog$lzycompute(SharedState.scala:114)
	at org.apache.spark.sql.internal.SharedState.externalCatalog(SharedState.scala:102)
	at org.apache.spark.sql.internal.SharedState.globalTempViewManager$lzycompute(SharedState.scala:141)
	at org.apache.spark.sql.internal.SharedState.globalTempViewManager(SharedState.scala:136)
	at org.apache.spark.sql.hive.HiveSessionStateBuilder$$anonfun$2.apply(HiveSessionStateBuilder.scala:55)
	at org.apache.spark.sql.hive.HiveSessionStateBuilder$$anonfun$2.apply(HiveSessionStateBuilder.scala:55)
	at org.apache.spark.sql.catalyst.catalog.SessionCatalog.globalTempViewManager$lzycompute(SessionCatalog.scala:91)
	at org.apache.spark.sql.catalyst.catalog.SessionCatalog.globalTempViewManager(SessionCatalog.scala:91)
	at org.apache.spark.sql.catalyst.catalog.SessionCatalog.setCurrentDatabase(SessionCatalog.scala:258)
	at org.apache.spark.sql.execution.command.SetDatabaseCommand.run(databases.scala:59)
	at org.apache.spark.sql.execution.command.ExecutedCommandExec.sideEffectResult$lzycompute(commands.scala:70)
	at org.apache.spark.sql.execution.command.ExecutedCommandExec.sideEffectResult(commands.scala:68)
	at org.apache.spark.sql.execution.command.ExecutedCommandExec.executeCollect(commands.scala:79)
	at org.apache.spark.sql.Dataset$$anonfun$6.apply(Dataset.scala:194)
	at org.apache.spark.sql.Dataset$$anonfun$6.apply(Dataset.scala:194)
	at org.apache.spark.sql.Dataset$$anonfun$52.apply(Dataset.scala:3370)
	at org.apache.spark.sql.execution.SQLExecution$$anonfun$withNewExecutionId$1.apply(SQLExecution.scala:80)
	at org.apache.spark.sql.execution.SQLExecution$.withSQLConfPropagated(SQLExecution.scala:127)
	at org.apache.spark.sql.execution.SQLExecution$.withNewExecutionId(SQLExecution.scala:75)
	at org.apache.spark.sql.Dataset.withAction(Dataset.scala:3369)
	at org.apache.spark.sql.Dataset.<init>(Dataset.scala:194)
	at org.apache.spark.sql.Dataset$.ofRows(Dataset.scala:79)
	at org.apache.spark.sql.SparkSession.sql(SparkSession.scala:642)
	at net.alkire.task36.ProcessData$.main(ProcessData.scala:116)
	at net.alkire.task36.ProcessData.main(ProcessData.scala)
	at sun.reflect.NativeMethodAccessorImpl.invoke0(Native Method)
	at sun.reflect.NativeMethodAccessorImpl.invoke(NativeMethodAccessorImpl.java:62)
	at sun.reflect.DelegatingMethodAccessorImpl.invoke(DelegatingMethodAccessorImpl.java:43)
	at java.lang.reflect.Method.invoke(Method.java:498)
	at org.apache.spark.deploy.JavaMainApplication.start(SparkApplication.scala:52)
	at org.apache.spark.deploy.SparkSubmit.org$apache$spark$deploy$SparkSubmit$$runMain(SparkSubmit.scala:845)
	at org.apache.spark.deploy.SparkSubmit.doRunMain$1(SparkSubmit.scala:161)
	at org.apache.spark.deploy.SparkSubmit.submit(SparkSubmit.scala:184)
	at org.apache.spark.deploy.SparkSubmit.doSubmit(SparkSubmit.scala:86)
	at org.apache.spark.deploy.SparkSubmit$$anon$2.doSubmit(SparkSubmit.scala:920)
	at org.apache.spark.deploy.SparkSubmit$.main(SparkSubmit.scala:929)
	at org.apache.spark.deploy.SparkSubmit.main(SparkSubmit.scala)
Caused by: java.lang.RuntimeException: java.lang.RuntimeException: Unable to instantiate org.apache.hadoop.hive.ql.metadata.SessionHiveMetaStoreClient
	at org.apache.hadoop.hive.ql.session.SessionState.start(SessionState.java:522)
	at org.apache.spark.sql.hive.client.HiveClientImpl.newState(HiveClientImpl.scala:185)
	at org.apache.spark.sql.hive.client.HiveClientImpl.<init>(HiveClientImpl.scala:118)
	at sun.reflect.NativeConstructorAccessorImpl.newInstance0(Native Method)
	at sun.reflect.NativeConstructorAccessorImpl.newInstance(NativeConstructorAccessorImpl.java:62)
	at sun.reflect.DelegatingConstructorAccessorImpl.newInstance(DelegatingConstructorAccessorImpl.java:45)
	at java.lang.reflect.Constructor.newInstance(Constructor.java:423)
	at org.apache.spark.sql.hive.client.IsolatedClientLoader.createClient(IsolatedClientLoader.scala:271)
	at org.apache.spark.sql.hive.HiveUtils$.newClientForMetadata(HiveUtils.scala:384)
	at org.apache.spark.sql.hive.HiveUtils$.newClientForMetadata(HiveUtils.scala:286)
	at org.apache.spark.sql.hive.HiveExternalCatalog.client$lzycompute(HiveExternalCatalog.scala:66)
	at org.apache.spark.sql.hive.HiveExternalCatalog.client(HiveExternalCatalog.scala:65)
	at org.apache.spark.sql.hive.HiveExternalCatalog$$anonfun$databaseExists$1.apply$mcZ$sp(HiveExternalCatalog.scala:215)
	at org.apache.spark.sql.hive.HiveExternalCatalog$$anonfun$databaseExists$1.apply(HiveExternalCatalog.scala:215)
	at org.apache.spark.sql.hive.HiveExternalCatalog$$anonfun$databaseExists$1.apply(HiveExternalCatalog.scala:215)
	at org.apache.spark.sql.hive.HiveExternalCatalog.withClient(HiveExternalCatalog.scala:97)
	... 38 more
Caused by: java.lang.RuntimeException: Unable to instantiate org.apache.hadoop.hive.ql.metadata.SessionHiveMetaStoreClient
	at org.apache.hadoop.hive.metastore.MetaStoreUtils.newInstance(MetaStoreUtils.java:1523)
	at org.apache.hadoop.hive.metastore.RetryingMetaStoreClient.<init>(RetryingMetaStoreClient.java:86)
	at org.apache.hadoop.hive.metastore.RetryingMetaStoreClient.getProxy(RetryingMetaStoreClient.java:132)
	at org.apache.hadoop.hive.metastore.RetryingMetaStoreClient.getProxy(RetryingMetaStoreClient.java:104)
	at org.apache.hadoop.hive.ql.metadata.Hive.createMetaStoreClient(Hive.java:3005)
	at org.apache.hadoop.hive.ql.metadata.Hive.getMSC(Hive.java:3024)
	at org.apache.hadoop.hive.ql.session.SessionState.start(SessionState.java:503)
	... 53 more
Caused by: java.lang.reflect.InvocationTargetException
	at sun.reflect.NativeConstructorAccessorImpl.newInstance0(Native Method)
	at sun.reflect.NativeConstructorAccessorImpl.newInstance(NativeConstructorAccessorImpl.java:62)
	at sun.reflect.DelegatingConstructorAccessorImpl.newInstance(DelegatingConstructorAccessorImpl.java:45)
	at java.lang.reflect.Constructor.newInstance(Constructor.java:423)
	at org.apache.hadoop.hive.metastore.MetaStoreUtils.newInstance(MetaStoreUtils.java:1521)
	... 59 more
Caused by: javax.jdo.JDOFatalInternalException: Error creating transactional connection factory
NestedThrowables:
java.lang.reflect.InvocationTargetException
	at org.datanucleus.api.jdo.NucleusJDOHelper.getJDOExceptionForNucleusException(NucleusJDOHelper.java:587)
	at org.datanucleus.api.jdo.JDOPersistenceManagerFactory.freezeConfiguration(JDOPersistenceManagerFactory.java:788)
	at org.datanucleus.api.jdo.JDOPersistenceManagerFactory.createPersistenceManagerFactory(JDOPersistenceManagerFactory.java:333)
	at org.datanucleus.api.jdo.JDOPersistenceManagerFactory.getPersistenceManagerFactory(JDOPersistenceManagerFactory.java:202)
	at sun.reflect.NativeMethodAccessorImpl.invoke0(Native Method)
	at sun.reflect.NativeMethodAccessorImpl.invoke(NativeMethodAccessorImpl.java:62)
	at sun.reflect.DelegatingMethodAccessorImpl.invoke(DelegatingMethodAccessorImpl.java:43)
	at java.lang.reflect.Method.invoke(Method.java:498)
	at javax.jdo.JDOHelper$16.run(JDOHelper.java:1965)
	at java.security.AccessController.doPrivileged(Native Method)
	at javax.jdo.JDOHelper.invoke(JDOHelper.java:1960)
	at javax.jdo.JDOHelper.invokeGetPersistenceManagerFactoryOnImplementation(JDOHelper.java:1166)
	at javax.jdo.JDOHelper.getPersistenceManagerFactory(JDOHelper.java:808)
	at javax.jdo.JDOHelper.getPersistenceManagerFactory(JDOHelper.java:701)
	at org.apache.hadoop.hive.metastore.ObjectStore.getPMF(ObjectStore.java:365)
	at org.apache.hadoop.hive.metastore.ObjectStore.getPersistenceManager(ObjectStore.java:394)
	at org.apache.hadoop.hive.metastore.ObjectStore.initialize(ObjectStore.java:291)
	at org.apache.hadoop.hive.metastore.ObjectStore.setConf(ObjectStore.java:258)
	at org.apache.hadoop.util.ReflectionUtils.setConf(ReflectionUtils.java:76)
	at org.apache.hadoop.util.ReflectionUtils.newInstance(ReflectionUtils.java:136)
	at org.apache.hadoop.hive.metastore.RawStoreProxy.<init>(RawStoreProxy.java:57)
	at org.apache.hadoop.hive.metastore.RawStoreProxy.getProxy(RawStoreProxy.java:66)
	at org.apache.hadoop.hive.metastore.HiveMetaStore$HMSHandler.newRawStore(HiveMetaStore.java:593)
	at org.apache.hadoop.hive.metastore.HiveMetaStore$HMSHandler.getMS(HiveMetaStore.java:571)
	at org.apache.hadoop.hive.metastore.HiveMetaStore$HMSHandler.createDefaultDB(HiveMetaStore.java:624)
	at org.apache.hadoop.hive.metastore.HiveMetaStore$HMSHandler.init(HiveMetaStore.java:461)
	at org.apache.hadoop.hive.metastore.RetryingHMSHandler.<init>(RetryingHMSHandler.java:66)
	at org.apache.hadoop.hive.metastore.RetryingHMSHandler.getProxy(RetryingHMSHandler.java:72)
	at org.apache.hadoop.hive.metastore.HiveMetaStore.newRetryingHMSHandler(HiveMetaStore.java:5762)
	at org.apache.hadoop.hive.metastore.HiveMetaStoreClient.<init>(HiveMetaStoreClient.java:199)
	at org.apache.hadoop.hive.ql.metadata.SessionHiveMetaStoreClient.<init>(SessionHiveMetaStoreClient.java:74)
	... 64 more
Caused by: java.lang.reflect.InvocationTargetException
	at sun.reflect.NativeConstructorAccessorImpl.newInstance0(Native Method)
	at sun.reflect.NativeConstructorAccessorImpl.newInstance(NativeConstructorAccessorImpl.java:62)
	at sun.reflect.DelegatingConstructorAccessorImpl.newInstance(DelegatingConstructorAccessorImpl.java:45)
	at java.lang.reflect.Constructor.newInstance(Constructor.java:423)
	at org.datanucleus.plugin.NonManagedPluginRegistry.createExecutableExtension(NonManagedPluginRegistry.java:631)
	at org.datanucleus.plugin.PluginManager.createExecutableExtension(PluginManager.java:325)
	at org.datanucleus.store.AbstractStoreManager.registerConnectionFactory(AbstractStoreManager.java:282)
	at org.datanucleus.store.AbstractStoreManager.<init>(AbstractStoreManager.java:240)
	at org.datanucleus.store.rdbms.RDBMSStoreManager.<init>(RDBMSStoreManager.java:286)
	at sun.reflect.NativeConstructorAccessorImpl.newInstance0(Native Method)
	at sun.reflect.NativeConstructorAccessorImpl.newInstance(NativeConstructorAccessorImpl.java:62)
	at sun.reflect.DelegatingConstructorAccessorImpl.newInstance(DelegatingConstructorAccessorImpl.java:45)
	at java.lang.reflect.Constructor.newInstance(Constructor.java:423)
	at org.datanucleus.plugin.NonManagedPluginRegistry.createExecutableExtension(NonManagedPluginRegistry.java:631)
	at org.datanucleus.plugin.PluginManager.createExecutableExtension(PluginManager.java:301)
	at org.datanucleus.NucleusContext.createStoreManagerForProperties(NucleusContext.java:1187)
	at org.datanucleus.NucleusContext.initialise(NucleusContext.java:356)
	at org.datanucleus.api.jdo.JDOPersistenceManagerFactory.freezeConfiguration(JDOPersistenceManagerFactory.java:775)
	... 93 more
Caused by: org.datanucleus.exceptions.NucleusException: Attempt to invoke the "BONECP" plugin to create a ConnectionPool gave an error : The specified datastore driver ("com.mysql.jdbc.Driver") was not found in the CLASSPATH. Please check your CLASSPATH specification, and the name of the driver.
	at org.datanucleus.store.rdbms.ConnectionFactoryImpl.generateDataSources(ConnectionFactoryImpl.java:259)
	at org.datanucleus.store.rdbms.ConnectionFactoryImpl.initialiseDataSources(ConnectionFactoryImpl.java:131)
	at org.datanucleus.store.rdbms.ConnectionFactoryImpl.<init>(ConnectionFactoryImpl.java:85)
	... 111 more
Caused by: org.datanucleus.store.rdbms.connectionpool.DatastoreDriverNotFoundException: The specified datastore driver ("com.mysql.jdbc.Driver") was not found in the CLASSPATH. Please check your CLASSPATH specification, and the name of the driver.
	at org.datanucleus.store.rdbms.connectionpool.AbstractConnectionPoolFactory.loadDriver(AbstractConnectionPoolFactory.java:58)
	at org.datanucleus.store.rdbms.connectionpool.BoneCPConnectionPoolFactory.createConnectionPool(BoneCPConnectionPoolFactory.java:54)
	at org.datanucleus.store.rdbms.ConnectionFactoryImpl.generateDataSources(ConnectionFactoryImpl.java:238)
	... 113 more
